<?xml version="1.0" encoding="UTF-8"?>
<!-- Generated by org.testng.reporters.JUnitReportReporter -->
<testsuite hostname="DESKTOP-8SU47GM" name="com.training.sanity.tests.EditProfile" tests="1" failures="0" timestamp="25 Jun 2019 12:25:37 GMT" time="19.745" errors="0">
  <testcase name="validLoginTest" time="19.745" classname="com.training.sanity.tests.EditProfile"/>
</testsuite> <!-- com.training.sanity.tests.EditProfile -->
