<?xml version="1.0" encoding="UTF-8"?>
<!-- Generated by org.testng.reporters.JUnitReportReporter -->
<testsuite hostname="DESKTOP-8SU47GM" name="com.training.sanity.tests.LogIn_Admin" tests="1" failures="0" timestamp="25 Jun 2019 12:24:18 GMT" time="8.735" errors="0">
  <testcase name="validLoginTest" time="8.735" classname="com.training.sanity.tests.LogIn_Admin"/>
</testsuite> <!-- com.training.sanity.tests.LogIn_Admin -->
