<?xml version="1.0" encoding="UTF-8"?>
<!-- Generated by org.testng.reporters.JUnitReportReporter -->
<testsuite hostname="DESKTOP-8SU47GM" name="com.training.sanity.tests.LogOut_Teacher" tests="1" failures="0" timestamp="25 Jun 2019 12:23:47 GMT" time="21.134" errors="0">
  <testcase name="validLoginTest" time="21.134" classname="com.training.sanity.tests.LogOut_Teacher"/>
</testsuite> <!-- com.training.sanity.tests.LogOut_Teacher -->
